mode: set
github.com/iainlowe/capn/internal/captain/captain.go:65.96,66.14 1 1
github.com/iainlowe/capn/internal/captain/captain.go:66.14,68.3 1 0
github.com/iainlowe/capn/internal/captain/captain.go:69.2,69.19 1 1
github.com/iainlowe/capn/internal/captain/captain.go:69.19,71.3 1 0
github.com/iainlowe/capn/internal/captain/captain.go:74.2,75.16 2 1
github.com/iainlowe/capn/internal/captain/captain.go:75.16,77.3 1 1
github.com/iainlowe/capn/internal/captain/captain.go:80.2,101.21 4 1
github.com/iainlowe/capn/internal/captain/captain.go:105.31,107.2 1 1
github.com/iainlowe/capn/internal/captain/captain.go:110.88,111.16 1 1
github.com/iainlowe/capn/internal/captain/captain.go:111.16,113.3 1 0
github.com/iainlowe/capn/internal/captain/captain.go:116.2,117.16 2 1
github.com/iainlowe/capn/internal/captain/captain.go:117.16,119.3 1 0
github.com/iainlowe/capn/internal/captain/captain.go:121.2,121.18 1 1
github.com/iainlowe/capn/internal/captain/captain.go:125.112,126.17 1 1
github.com/iainlowe/capn/internal/captain/captain.go:126.17,128.3 1 0
github.com/iainlowe/capn/internal/captain/captain.go:131.2,131.53 1 1
github.com/iainlowe/capn/internal/captain/captain.go:131.53,133.3 1 0
github.com/iainlowe/capn/internal/captain/captain.go:135.2,149.15 6 1
github.com/iainlowe/capn/internal/captain/captain.go:149.15,156.3 5 1
github.com/iainlowe/capn/internal/captain/captain.go:159.2,159.34 1 1
github.com/iainlowe/capn/internal/captain/captain.go:159.34,166.13 2 1
github.com/iainlowe/capn/internal/captain/captain.go:166.13,171.4 2 1
github.com/iainlowe/capn/internal/captain/captain.go:171.9,175.4 2 0
github.com/iainlowe/capn/internal/captain/captain.go:177.3,177.37 1 1
github.com/iainlowe/capn/internal/captain/captain.go:180.2,180.20 1 1
github.com/iainlowe/capn/internal/captain/captain.go:184.42,195.2 3 1
github.com/iainlowe/capn/internal/captain/captain.go:198.32,202.36 3 1
github.com/iainlowe/capn/internal/captain/captain.go:202.36,204.3 1 0
github.com/iainlowe/capn/internal/captain/captain.go:207.2,215.12 6 1
github.com/iainlowe/capn/internal/captain/llm.go:22.36,23.18 1 1
github.com/iainlowe/capn/internal/captain/llm.go:23.18,25.3 1 1
github.com/iainlowe/capn/internal/captain/llm.go:26.2,26.21 1 1
github.com/iainlowe/capn/internal/captain/llm.go:26.21,28.3 1 1
github.com/iainlowe/capn/internal/captain/llm.go:30.2,31.39 2 1
github.com/iainlowe/capn/internal/captain/llm.go:31.39,32.26 1 1
github.com/iainlowe/capn/internal/captain/llm.go:32.26,34.4 1 1
github.com/iainlowe/capn/internal/captain/llm.go:37.2,37.99 1 1
github.com/iainlowe/capn/internal/captain/llm.go:49.46,50.26 1 1
github.com/iainlowe/capn/internal/captain/llm.go:50.26,52.3 1 1
github.com/iainlowe/capn/internal/captain/llm.go:54.2,54.33 1 1
github.com/iainlowe/capn/internal/captain/llm.go:54.33,55.40 1 1
github.com/iainlowe/capn/internal/captain/llm.go:55.40,57.4 1 0
github.com/iainlowe/capn/internal/captain/llm.go:60.2,60.22 1 1
github.com/iainlowe/capn/internal/captain/llm.go:60.22,62.3 1 1
github.com/iainlowe/capn/internal/captain/llm.go:64.2,64.44 1 1
github.com/iainlowe/capn/internal/captain/llm.go:64.44,66.3 1 1
github.com/iainlowe/capn/internal/captain/llm.go:68.2,68.12 1 1
github.com/iainlowe/capn/internal/captain/openai.go:20.41,21.20 1 1
github.com/iainlowe/capn/internal/captain/openai.go:21.20,23.3 1 1
github.com/iainlowe/capn/internal/captain/openai.go:24.2,24.19 1 1
github.com/iainlowe/capn/internal/captain/openai.go:24.19,26.3 1 1
github.com/iainlowe/capn/internal/captain/openai.go:27.2,27.44 1 1
github.com/iainlowe/capn/internal/captain/openai.go:27.44,29.3 1 1
github.com/iainlowe/capn/internal/captain/openai.go:30.2,30.22 1 1
github.com/iainlowe/capn/internal/captain/openai.go:30.22,32.3 1 1
github.com/iainlowe/capn/internal/captain/openai.go:33.2,33.12 1 1
github.com/iainlowe/capn/internal/captain/openai.go:43.70,44.42 1 1
github.com/iainlowe/capn/internal/captain/openai.go:44.42,46.3 1 1
github.com/iainlowe/capn/internal/captain/openai.go:49.2,49.26 1 1
github.com/iainlowe/capn/internal/captain/openai.go:49.26,51.3 1 1
github.com/iainlowe/capn/internal/captain/openai.go:52.2,52.28 1 1
github.com/iainlowe/capn/internal/captain/openai.go:52.28,54.3 1 1
github.com/iainlowe/capn/internal/captain/openai.go:55.2,55.29 1 1
github.com/iainlowe/capn/internal/captain/openai.go:55.29,57.3 1 1
github.com/iainlowe/capn/internal/captain/openai.go:59.2,60.51 2 1
github.com/iainlowe/capn/internal/captain/openai.go:60.51,62.3 1 0
github.com/iainlowe/capn/internal/captain/openai.go:64.2,69.8 2 1
github.com/iainlowe/capn/internal/captain/openai.go:73.118,74.39 1 0
github.com/iainlowe/capn/internal/captain/openai.go:74.39,76.3 1 0
github.com/iainlowe/capn/internal/captain/openai.go:79.2,80.35 2 0
github.com/iainlowe/capn/internal/captain/openai.go:80.35,85.3 1 0
github.com/iainlowe/capn/internal/captain/openai.go:88.2,89.17 2 0
github.com/iainlowe/capn/internal/captain/openai.go:89.17,91.3 1 0
github.com/iainlowe/capn/internal/captain/openai.go:94.2,103.16 3 0
github.com/iainlowe/capn/internal/captain/openai.go:103.16,105.3 1 0
github.com/iainlowe/capn/internal/captain/openai.go:107.2,107.28 1 0
github.com/iainlowe/capn/internal/captain/openai.go:107.28,109.3 1 0
github.com/iainlowe/capn/internal/captain/openai.go:112.2,122.8 2 0
github.com/iainlowe/capn/internal/captain/openai.go:126.97,127.16 1 0
github.com/iainlowe/capn/internal/captain/openai.go:127.16,129.3 1 0
github.com/iainlowe/capn/internal/captain/openai.go:132.2,139.16 3 0
github.com/iainlowe/capn/internal/captain/openai.go:139.16,141.3 1 0
github.com/iainlowe/capn/internal/captain/openai.go:143.2,143.25 1 0
github.com/iainlowe/capn/internal/captain/openai.go:143.25,145.3 1 0
github.com/iainlowe/capn/internal/captain/openai.go:148.2,150.30 3 0
github.com/iainlowe/capn/internal/captain/openai.go:150.30,152.3 1 0
github.com/iainlowe/capn/internal/captain/openai.go:154.2,154.20 1 0
github.com/iainlowe/capn/internal/captain/planner.go:19.65,23.2 1 1
github.com/iainlowe/capn/internal/captain/planner.go:43.96,44.16 1 1
github.com/iainlowe/capn/internal/captain/planner.go:44.16,46.3 1 0
github.com/iainlowe/capn/internal/captain/planner.go:49.2,59.16 4 1
github.com/iainlowe/capn/internal/captain/planner.go:59.16,61.3 1 1
github.com/iainlowe/capn/internal/captain/planner.go:64.2,65.16 2 1
github.com/iainlowe/capn/internal/captain/planner.go:65.16,67.3 1 1
github.com/iainlowe/capn/internal/captain/planner.go:70.2,71.16 2 1
github.com/iainlowe/capn/internal/captain/planner.go:71.16,73.3 1 0
github.com/iainlowe/capn/internal/captain/planner.go:76.2,76.46 1 1
github.com/iainlowe/capn/internal/captain/planner.go:76.46,78.3 1 0
github.com/iainlowe/capn/internal/captain/planner.go:80.2,80.18 1 1
github.com/iainlowe/capn/internal/captain/planner.go:84.67,85.17 1 1
github.com/iainlowe/capn/internal/captain/planner.go:85.17,87.3 1 0
github.com/iainlowe/capn/internal/captain/planner.go:89.2,89.19 1 1
github.com/iainlowe/capn/internal/captain/planner.go:89.19,91.3 1 1
github.com/iainlowe/capn/internal/captain/planner.go:93.2,93.21 1 1
github.com/iainlowe/capn/internal/captain/planner.go:93.21,95.3 1 1
github.com/iainlowe/capn/internal/captain/planner.go:97.2,97.26 1 1
github.com/iainlowe/capn/internal/captain/planner.go:97.26,99.3 1 1
github.com/iainlowe/capn/internal/captain/planner.go:102.2,103.34 2 1
github.com/iainlowe/capn/internal/captain/planner.go:103.34,104.20 1 1
github.com/iainlowe/capn/internal/captain/planner.go:104.20,106.4 1 0
github.com/iainlowe/capn/internal/captain/planner.go:107.3,107.23 1 1
github.com/iainlowe/capn/internal/captain/planner.go:107.23,109.4 1 1
github.com/iainlowe/capn/internal/captain/planner.go:110.3,110.26 1 1
github.com/iainlowe/capn/internal/captain/planner.go:114.2,114.34 1 1
github.com/iainlowe/capn/internal/captain/planner.go:114.34,115.41 1 1
github.com/iainlowe/capn/internal/captain/planner.go:115.41,116.21 1 1
github.com/iainlowe/capn/internal/captain/planner.go:116.21,118.5 1 1
github.com/iainlowe/capn/internal/captain/planner.go:123.2,123.44 1 1
github.com/iainlowe/capn/internal/captain/planner.go:123.44,125.3 1 1
github.com/iainlowe/capn/internal/captain/planner.go:127.2,127.12 1 1
github.com/iainlowe/capn/internal/captain/planner.go:131.70,178.2 3 1
github.com/iainlowe/capn/internal/captain/planner.go:181.84,186.42 2 1
github.com/iainlowe/capn/internal/captain/planner.go:186.42,189.18 3 0
github.com/iainlowe/capn/internal/captain/planner.go:189.18,191.4 1 0
github.com/iainlowe/capn/internal/captain/planner.go:192.8,192.45 1 1
github.com/iainlowe/capn/internal/captain/planner.go:192.45,195.18 3 0
github.com/iainlowe/capn/internal/captain/planner.go:195.18,197.4 1 0
github.com/iainlowe/capn/internal/captain/planner.go:200.2,201.67 2 1
github.com/iainlowe/capn/internal/captain/planner.go:201.67,203.3 1 1
github.com/iainlowe/capn/internal/captain/planner.go:205.2,205.23 1 1
github.com/iainlowe/capn/internal/captain/planner.go:209.102,214.46 3 1
github.com/iainlowe/capn/internal/captain/planner.go:214.46,230.3 3 1
github.com/iainlowe/capn/internal/captain/planner.go:233.2,234.16 2 1
github.com/iainlowe/capn/internal/captain/planner.go:234.16,237.3 1 0
github.com/iainlowe/capn/internal/captain/planner.go:240.2,241.110 2 1
github.com/iainlowe/capn/internal/captain/planner.go:241.110,243.3 1 0
github.com/iainlowe/capn/internal/captain/planner.go:245.2,261.18 2 1
github.com/iainlowe/capn/internal/captain/planner.go:265.93,266.23 1 1
github.com/iainlowe/capn/internal/captain/planner.go:266.23,268.3 1 0
github.com/iainlowe/capn/internal/captain/planner.go:270.2,271.16 2 1
github.com/iainlowe/capn/internal/captain/planner.go:271.16,275.89 2 0
github.com/iainlowe/capn/internal/captain/planner.go:275.89,281.64 4 0
github.com/iainlowe/capn/internal/captain/planner.go:281.64,283.5 1 0
github.com/iainlowe/capn/internal/captain/planner.go:286.3,286.16 1 0
github.com/iainlowe/capn/internal/captain/planner.go:289.2,289.22 1 1
github.com/iainlowe/capn/internal/captain/planner.go:293.70,296.29 2 1
github.com/iainlowe/capn/internal/captain/planner.go:296.29,298.3 1 1
github.com/iainlowe/capn/internal/captain/planner.go:301.2,305.38 3 1
github.com/iainlowe/capn/internal/captain/planner.go:305.38,306.27 1 1
github.com/iainlowe/capn/internal/captain/planner.go:306.27,308.4 1 1
github.com/iainlowe/capn/internal/captain/planner.go:309.3,309.27 1 1
github.com/iainlowe/capn/internal/captain/planner.go:309.27,311.4 1 1
github.com/iainlowe/capn/internal/captain/planner.go:313.3,314.37 2 1
github.com/iainlowe/capn/internal/captain/planner.go:314.37,315.21 1 1
github.com/iainlowe/capn/internal/captain/planner.go:315.21,317.5 1 1
github.com/iainlowe/capn/internal/captain/planner.go:319.3,320.15 2 1
github.com/iainlowe/capn/internal/captain/planner.go:324.2,324.29 1 1
github.com/iainlowe/capn/internal/captain/planner.go:324.29,325.49 1 1
github.com/iainlowe/capn/internal/captain/planner.go:325.49,327.4 1 1
github.com/iainlowe/capn/internal/captain/planner.go:330.2,330.14 1 1
