mode: set
github.com/iainlowe/capn/internal/cli/cli.go:33.99,38.32 2 1
github.com/iainlowe/capn/internal/cli/cli.go:38.32,39.19 1 1
github.com/iainlowe/capn/internal/cli/cli.go:39.19,44.4 4 1
github.com/iainlowe/capn/internal/cli/cli.go:44.9,49.4 4 1
github.com/iainlowe/capn/internal/cli/cli.go:53.2,61.57 2 0
github.com/iainlowe/capn/internal/cli/cli.go:61.57,63.3 1 0
github.com/iainlowe/capn/internal/cli/cli.go:66.2,67.16 2 0
github.com/iainlowe/capn/internal/cli/cli.go:67.16,69.3 1 0
github.com/iainlowe/capn/internal/cli/cli.go:70.2,76.16 5 0
github.com/iainlowe/capn/internal/cli/cli.go:76.16,78.3 1 0
github.com/iainlowe/capn/internal/cli/cli.go:80.2,80.18 1 0
github.com/iainlowe/capn/internal/cli/cli.go:80.18,88.35 7 0
github.com/iainlowe/capn/internal/cli/cli.go:88.35,91.34 2 0
github.com/iainlowe/capn/internal/cli/cli.go:91.34,93.5 1 0
github.com/iainlowe/capn/internal/cli/cli.go:95.3,95.94 1 0
github.com/iainlowe/capn/internal/cli/cli.go:96.8,101.17 4 0
github.com/iainlowe/capn/internal/cli/cli.go:101.17,103.4 1 0
github.com/iainlowe/capn/internal/cli/cli.go:105.3,111.49 6 0
github.com/iainlowe/capn/internal/cli/cli.go:111.49,113.27 2 0
github.com/iainlowe/capn/internal/cli/cli.go:113.27,115.5 1 0
github.com/iainlowe/capn/internal/cli/cli.go:116.4,116.82 1 0
github.com/iainlowe/capn/internal/cli/cli.go:119.3,119.22 1 0
github.com/iainlowe/capn/internal/cli/cli.go:119.22,121.4 1 0
github.com/iainlowe/capn/internal/cli/cli.go:124.2,124.12 1 0
github.com/iainlowe/capn/internal/cli/cli.go:130.75,134.2 2 1
github.com/iainlowe/capn/internal/cli/cli.go:139.75,144.2 3 1
github.com/iainlowe/capn/internal/cli/cli.go:149.72,154.2 3 1
github.com/iainlowe/capn/internal/cli/cli.go:174.20,179.2 1 1
github.com/iainlowe/capn/internal/cli/cli.go:182.38,184.2 1 1
github.com/iainlowe/capn/internal/cli/cli.go:187.46,189.2 1 1
github.com/iainlowe/capn/internal/cli/cli.go:192.71,194.2 1 1
github.com/iainlowe/capn/internal/cli/cli.go:197.48,199.2 1 1
github.com/iainlowe/capn/internal/cli/cli.go:202.42,217.20 3 1
github.com/iainlowe/capn/internal/cli/cli.go:217.20,218.49 1 1
github.com/iainlowe/capn/internal/cli/cli.go:218.50,218.51 0 1
github.com/iainlowe/capn/internal/cli/cli.go:221.2,225.16 3 1
github.com/iainlowe/capn/internal/cli/cli.go:225.16,227.3 1 1
github.com/iainlowe/capn/internal/cli/cli.go:230.2,230.37 1 1
github.com/iainlowe/capn/internal/cli/cli.go:230.37,232.17 2 1
github.com/iainlowe/capn/internal/cli/cli.go:232.17,234.4 1 1
github.com/iainlowe/capn/internal/cli/cli.go:237.3,237.29 1 1
github.com/iainlowe/capn/internal/cli/cli.go:238.8,242.3 2 1
github.com/iainlowe/capn/internal/cli/cli.go:245.2,248.23 2 1
github.com/iainlowe/capn/internal/cli/cli.go:248.23,250.3 1 1
github.com/iainlowe/capn/internal/cli/cli.go:253.2,253.18 1 1
github.com/iainlowe/capn/internal/cli/cli.go:257.42,260.15 2 1
github.com/iainlowe/capn/internal/cli/cli.go:260.15,264.3 3 0
github.com/iainlowe/capn/internal/cli/cli.go:264.8,268.3 3 1
github.com/iainlowe/capn/internal/cli/cli.go:270.2,270.15 1 1
github.com/iainlowe/capn/internal/cli/cli.go:274.40,278.36 1 1
github.com/iainlowe/capn/internal/cli/cli.go:278.36,280.3 1 1
github.com/iainlowe/capn/internal/cli/cli.go:281.2,281.36 1 1
github.com/iainlowe/capn/internal/cli/cli.go:281.36,283.3 1 1
github.com/iainlowe/capn/internal/cli/cli.go:284.2,284.37 1 1
github.com/iainlowe/capn/internal/cli/cli.go:284.37,286.3 1 1
github.com/iainlowe/capn/internal/cli/cli.go:287.2,287.36 1 1
github.com/iainlowe/capn/internal/cli/cli.go:287.36,289.3 1 1
github.com/iainlowe/capn/internal/cli/cli.go:293.40,299.2 5 1
github.com/iainlowe/capn/internal/cli/cli.go:303.52,307.2 1 1
