mode: set
github.com/iainlowe/capn/internal/cli/cli.go:27.48,31.2 3 1
github.com/iainlowe/capn/internal/cli/cli.go:34.46,38.2 3 1
github.com/iainlowe/capn/internal/cli/cli.go:41.30,45.2 3 1
github.com/iainlowe/capn/internal/cli/cli.go:48.27,52.2 3 1
github.com/iainlowe/capn/internal/cli/cli.go:69.76,76.18 3 1
github.com/iainlowe/capn/internal/cli/cli.go:76.18,80.3 2 1
github.com/iainlowe/capn/internal/cli/cli.go:80.8,85.25 3 1
github.com/iainlowe/capn/internal/cli/cli.go:85.25,90.4 3 0
github.com/iainlowe/capn/internal/cli/cli.go:93.3,95.17 3 1
github.com/iainlowe/capn/internal/cli/cli.go:95.17,97.4 1 0
github.com/iainlowe/capn/internal/cli/cli.go:99.3,100.66 2 1
github.com/iainlowe/capn/internal/cli/cli.go:102.2,102.12 1 1
github.com/iainlowe/capn/internal/cli/cli.go:108.75,116.24 4 1
github.com/iainlowe/capn/internal/cli/cli.go:116.24,120.3 2 0
github.com/iainlowe/capn/internal/cli/cli.go:123.2,124.16 2 1
github.com/iainlowe/capn/internal/cli/cli.go:124.16,126.3 1 0
github.com/iainlowe/capn/internal/cli/cli.go:128.2,128.21 1 1
github.com/iainlowe/capn/internal/cli/cli.go:128.21,131.3 2 1
github.com/iainlowe/capn/internal/cli/cli.go:133.2,134.26 2 1
github.com/iainlowe/capn/internal/cli/cli.go:134.26,136.45 2 1
github.com/iainlowe/capn/internal/cli/cli.go:136.45,138.4 1 0
github.com/iainlowe/capn/internal/cli/cli.go:141.2,141.12 1 1
github.com/iainlowe/capn/internal/cli/cli.go:147.75,153.2 4 1
github.com/iainlowe/capn/internal/cli/cli.go:158.72,164.2 4 1
github.com/iainlowe/capn/internal/cli/cli.go:185.20,191.2 1 1
github.com/iainlowe/capn/internal/cli/cli.go:194.38,196.2 1 1
github.com/iainlowe/capn/internal/cli/cli.go:199.46,201.2 1 1
github.com/iainlowe/capn/internal/cli/cli.go:204.71,206.2 1 1
github.com/iainlowe/capn/internal/cli/cli.go:209.37,210.21 1 1
github.com/iainlowe/capn/internal/cli/cli.go:210.21,212.3 1 0
github.com/iainlowe/capn/internal/cli/cli.go:213.2,213.17 1 1
github.com/iainlowe/capn/internal/cli/cli.go:217.48,219.2 1 1
github.com/iainlowe/capn/internal/cli/cli.go:222.42,227.26 2 1
github.com/iainlowe/capn/internal/cli/cli.go:227.26,229.3 1 0
github.com/iainlowe/capn/internal/cli/cli.go:232.2,248.20 4 1
github.com/iainlowe/capn/internal/cli/cli.go:248.20,249.49 1 1
github.com/iainlowe/capn/internal/cli/cli.go:249.50,249.51 0 1
github.com/iainlowe/capn/internal/cli/cli.go:252.2,256.16 3 1
github.com/iainlowe/capn/internal/cli/cli.go:256.16,258.3 1 1
github.com/iainlowe/capn/internal/cli/cli.go:261.2,261.37 1 1
github.com/iainlowe/capn/internal/cli/cli.go:261.37,263.17 2 1
github.com/iainlowe/capn/internal/cli/cli.go:263.17,265.4 1 1
github.com/iainlowe/capn/internal/cli/cli.go:268.3,268.29 1 1
github.com/iainlowe/capn/internal/cli/cli.go:269.8,273.3 2 1
github.com/iainlowe/capn/internal/cli/cli.go:276.2,276.23 1 1
github.com/iainlowe/capn/internal/cli/cli.go:276.23,278.3 1 1
github.com/iainlowe/capn/internal/cli/cli.go:281.2,284.43 2 1
github.com/iainlowe/capn/internal/cli/cli.go:284.43,287.3 1 1
github.com/iainlowe/capn/internal/cli/cli.go:289.2,289.12 1 1
github.com/iainlowe/capn/internal/cli/cli.go:293.42,296.15 2 1
github.com/iainlowe/capn/internal/cli/cli.go:296.15,300.3 3 0
github.com/iainlowe/capn/internal/cli/cli.go:300.8,304.3 3 1
github.com/iainlowe/capn/internal/cli/cli.go:306.2,306.15 1 1
github.com/iainlowe/capn/internal/cli/cli.go:310.40,314.36 1 1
github.com/iainlowe/capn/internal/cli/cli.go:314.36,316.3 1 1
github.com/iainlowe/capn/internal/cli/cli.go:317.2,317.36 1 1
github.com/iainlowe/capn/internal/cli/cli.go:317.36,319.3 1 1
github.com/iainlowe/capn/internal/cli/cli.go:320.2,320.37 1 1
github.com/iainlowe/capn/internal/cli/cli.go:320.37,322.3 1 1
github.com/iainlowe/capn/internal/cli/cli.go:323.2,323.36 1 1
github.com/iainlowe/capn/internal/cli/cli.go:323.36,325.3 1 1
github.com/iainlowe/capn/internal/cli/cli.go:329.40,335.2 5 1
github.com/iainlowe/capn/internal/cli/cli.go:339.52,343.2 1 1
