mode: set
github.com/iainlowe/capn/internal/cli/cli.go:33.99,39.57 3 1
github.com/iainlowe/capn/internal/cli/cli.go:39.57,41.3 1 1
github.com/iainlowe/capn/internal/cli/cli.go:43.2,43.24 1 1
github.com/iainlowe/capn/internal/cli/cli.go:43.24,44.19 1 1
github.com/iainlowe/capn/internal/cli/cli.go:44.19,49.4 4 1
github.com/iainlowe/capn/internal/cli/cli.go:49.9,54.4 4 1
github.com/iainlowe/capn/internal/cli/cli.go:58.2,66.57 2 1
github.com/iainlowe/capn/internal/cli/cli.go:66.57,68.3 1 1
github.com/iainlowe/capn/internal/cli/cli.go:71.2,72.16 2 1
github.com/iainlowe/capn/internal/cli/cli.go:72.16,74.3 1 0
github.com/iainlowe/capn/internal/cli/cli.go:75.2,81.16 5 1
github.com/iainlowe/capn/internal/cli/cli.go:81.16,83.3 1 1
github.com/iainlowe/capn/internal/cli/cli.go:85.2,85.18 1 0
github.com/iainlowe/capn/internal/cli/cli.go:85.18,93.35 7 0
github.com/iainlowe/capn/internal/cli/cli.go:93.35,96.34 2 0
github.com/iainlowe/capn/internal/cli/cli.go:96.34,98.5 1 0
github.com/iainlowe/capn/internal/cli/cli.go:100.3,100.94 1 0
github.com/iainlowe/capn/internal/cli/cli.go:101.8,106.17 4 0
github.com/iainlowe/capn/internal/cli/cli.go:106.17,108.4 1 0
github.com/iainlowe/capn/internal/cli/cli.go:110.3,116.49 6 0
github.com/iainlowe/capn/internal/cli/cli.go:116.49,118.27 2 0
github.com/iainlowe/capn/internal/cli/cli.go:118.27,120.5 1 0
github.com/iainlowe/capn/internal/cli/cli.go:121.4,121.82 1 0
github.com/iainlowe/capn/internal/cli/cli.go:124.3,124.22 1 0
github.com/iainlowe/capn/internal/cli/cli.go:124.22,126.4 1 0
github.com/iainlowe/capn/internal/cli/cli.go:129.2,129.12 1 0
github.com/iainlowe/capn/internal/cli/cli.go:135.75,139.2 2 1
github.com/iainlowe/capn/internal/cli/cli.go:144.75,149.2 3 1
github.com/iainlowe/capn/internal/cli/cli.go:154.72,159.2 3 1
github.com/iainlowe/capn/internal/cli/cli.go:179.20,184.2 1 1
github.com/iainlowe/capn/internal/cli/cli.go:187.38,189.2 1 1
github.com/iainlowe/capn/internal/cli/cli.go:192.46,194.2 1 1
github.com/iainlowe/capn/internal/cli/cli.go:197.71,199.2 1 1
github.com/iainlowe/capn/internal/cli/cli.go:202.48,204.2 1 1
github.com/iainlowe/capn/internal/cli/cli.go:207.42,222.20 3 1
github.com/iainlowe/capn/internal/cli/cli.go:222.20,223.49 1 1
github.com/iainlowe/capn/internal/cli/cli.go:223.50,223.51 0 1
github.com/iainlowe/capn/internal/cli/cli.go:226.2,230.16 3 1
github.com/iainlowe/capn/internal/cli/cli.go:230.16,232.3 1 1
github.com/iainlowe/capn/internal/cli/cli.go:235.2,235.37 1 1
github.com/iainlowe/capn/internal/cli/cli.go:235.37,237.17 2 1
github.com/iainlowe/capn/internal/cli/cli.go:237.17,239.4 1 1
github.com/iainlowe/capn/internal/cli/cli.go:242.3,242.29 1 1
github.com/iainlowe/capn/internal/cli/cli.go:243.8,247.3 2 1
github.com/iainlowe/capn/internal/cli/cli.go:250.2,253.23 2 1
github.com/iainlowe/capn/internal/cli/cli.go:253.23,255.3 1 1
github.com/iainlowe/capn/internal/cli/cli.go:258.2,258.18 1 1
github.com/iainlowe/capn/internal/cli/cli.go:262.42,265.15 2 1
github.com/iainlowe/capn/internal/cli/cli.go:265.15,269.3 3 0
github.com/iainlowe/capn/internal/cli/cli.go:269.8,273.3 3 1
github.com/iainlowe/capn/internal/cli/cli.go:275.2,275.15 1 1
github.com/iainlowe/capn/internal/cli/cli.go:279.40,283.36 1 1
github.com/iainlowe/capn/internal/cli/cli.go:283.36,285.3 1 1
github.com/iainlowe/capn/internal/cli/cli.go:286.2,286.36 1 1
github.com/iainlowe/capn/internal/cli/cli.go:286.36,288.3 1 1
github.com/iainlowe/capn/internal/cli/cli.go:289.2,289.37 1 1
github.com/iainlowe/capn/internal/cli/cli.go:289.37,291.3 1 1
github.com/iainlowe/capn/internal/cli/cli.go:292.2,292.36 1 1
github.com/iainlowe/capn/internal/cli/cli.go:292.36,294.3 1 1
github.com/iainlowe/capn/internal/cli/cli.go:298.40,304.2 5 1
github.com/iainlowe/capn/internal/cli/cli.go:308.52,312.2 1 1
