mode: set
github.com/iainlowe/capn/internal/config/config.go:56.26,81.2 1 1
github.com/iainlowe/capn/internal/config/config.go:84.51,86.16 2 1
github.com/iainlowe/capn/internal/config/config.go:86.16,88.3 1 1
github.com/iainlowe/capn/internal/config/config.go:90.2,91.53 2 1
github.com/iainlowe/capn/internal/config/config.go:91.53,93.3 1 1
github.com/iainlowe/capn/internal/config/config.go:95.2,95.42 1 1
github.com/iainlowe/capn/internal/config/config.go:95.42,97.3 1 0
github.com/iainlowe/capn/internal/config/config.go:99.2,99.20 1 1
github.com/iainlowe/capn/internal/config/config.go:103.35,104.40 1 1
github.com/iainlowe/capn/internal/config/config.go:104.40,106.3 1 1
github.com/iainlowe/capn/internal/config/config.go:108.2,108.36 1 1
github.com/iainlowe/capn/internal/config/config.go:108.36,110.3 1 1
github.com/iainlowe/capn/internal/config/config.go:112.2,112.28 1 1
github.com/iainlowe/capn/internal/config/config.go:112.28,114.3 1 1
github.com/iainlowe/capn/internal/config/config.go:117.2,117.27 1 1
github.com/iainlowe/capn/internal/config/config.go:117.27,118.27 1 0
github.com/iainlowe/capn/internal/config/config.go:118.27,120.4 1 0
github.com/iainlowe/capn/internal/config/config.go:121.3,121.59 1 0
github.com/iainlowe/capn/internal/config/config.go:121.59,123.4 1 0
github.com/iainlowe/capn/internal/config/config.go:124.3,124.30 1 0
github.com/iainlowe/capn/internal/config/config.go:124.30,126.4 1 0
github.com/iainlowe/capn/internal/config/config.go:129.2,129.12 1 1
